[21-Sep-2023 11:32:30 UTC] PHP Deprecated:  preg_match(): Passing null to parameter #2 ($subject) of type string is deprecated in C:\Users\kevin\OneDrive\Images\formation\projet_6\app\public\wp-includes\class-wp-block-parser.php on line 261
[21-Sep-2023 11:32:30 UTC] PHP Deprecated:  strlen(): Passing null to parameter #1 ($string) of type string is deprecated in C:\Users\kevin\OneDrive\Images\formation\projet_6\app\public\wp-includes\class-wp-block-parser.php on line 333
[21-Sep-2023 11:33:57 UTC] PHP Deprecated:  preg_match(): Passing null to parameter #2 ($subject) of type string is deprecated in C:\Users\kevin\OneDrive\Images\formation\projet_6\app\public\wp-includes\class-wp-block-parser.php on line 261
[21-Sep-2023 11:33:57 UTC] PHP Deprecated:  strlen(): Passing null to parameter #1 ($string) of type string is deprecated in C:\Users\kevin\OneDrive\Images\formation\projet_6\app\public\wp-includes\class-wp-block-parser.php on line 333
[21-Sep-2023 11:34:04 UTC] PHP Deprecated:  preg_match(): Passing null to parameter #2 ($subject) of type string is deprecated in C:\Users\kevin\OneDrive\Images\formation\projet_6\app\public\wp-includes\class-wp-block-parser.php on line 261
[21-Sep-2023 11:34:04 UTC] PHP Deprecated:  strlen(): Passing null to parameter #1 ($string) of type string is deprecated in C:\Users\kevin\OneDrive\Images\formation\projet_6\app\public\wp-includes\class-wp-block-parser.php on line 333
[21-Sep-2023 11:35:26 UTC] PHP Deprecated:  preg_match(): Passing null to parameter #2 ($subject) of type string is deprecated in C:\Users\kevin\OneDrive\Images\formation\projet_6\app\public\wp-includes\class-wp-block-parser.php on line 261
[21-Sep-2023 11:35:26 UTC] PHP Deprecated:  strlen(): Passing null to parameter #1 ($string) of type string is deprecated in C:\Users\kevin\OneDrive\Images\formation\projet_6\app\public\wp-includes\class-wp-block-parser.php on line 333
[21-Sep-2023 11:36:30 UTC] PHP Deprecated:  preg_match(): Passing null to parameter #2 ($subject) of type string is deprecated in C:\Users\kevin\OneDrive\Images\formation\projet_6\app\public\wp-includes\class-wp-block-parser.php on line 261
[21-Sep-2023 11:36:30 UTC] PHP Deprecated:  strlen(): Passing null to parameter #1 ($string) of type string is deprecated in C:\Users\kevin\OneDrive\Images\formation\projet_6\app\public\wp-includes\class-wp-block-parser.php on line 333
[21-Sep-2023 13:05:09 UTC] PHP Parse error:  syntax error, unexpected identifier "px", expecting ")" in C:\Users\kevin\OneDrive\Images\formation\projet_6\app\public\wp-content\themes\blankslate-child\functions.php on line 30
[21-Sep-2023 13:05:09 UTC] PHP Parse error:  syntax error, unexpected identifier "px", expecting ")" in C:\Users\kevin\OneDrive\Images\formation\projet_6\app\public\wp-content\themes\blankslate-child\functions.php on line 30
[21-Sep-2023 13:08:37 UTC] PHP Deprecated:  version_compare(): Passing null to parameter #1 ($version1) of type string is deprecated in C:\Users\kevin\OneDrive\Images\formation\projet_6\app\public\wp-content\plugins\elementor\core\upgrade\manager.php on line 70
[21-Sep-2023 13:08:37 UTC] PHP Deprecated:  version_compare(): Passing null to parameter #1 ($version1) of type string is deprecated in C:\Users\kevin\OneDrive\Images\formation\projet_6\app\public\wp-content\plugins\elementor\core\upgrade\manager.php on line 70
[21-Sep-2023 13:08:37 UTC] PHP Deprecated:  version_compare(): Passing null to parameter #1 ($version1) of type string is deprecated in C:\Users\kevin\OneDrive\Images\formation\projet_6\app\public\wp-content\plugins\elementor\core\upgrade\manager.php on line 70
[21-Sep-2023 13:08:37 UTC] PHP Deprecated:  version_compare(): Passing null to parameter #1 ($version1) of type string is deprecated in C:\Users\kevin\OneDrive\Images\formation\projet_6\app\public\wp-content\plugins\elementor\core\upgrade\manager.php on line 70
[22-Sep-2023 13:42:04 UTC] PHP Warning:  mysqli_real_connect(): (HY000/2002): Aucune connexion n’a pu être établie car l’ordinateur cible l’a expressément refusée in C:\Users\kevin\OneDrive\Images\formation\projet_6\app\public\wp-includes\class-wpdb.php on line 2035
[26-Sep-2023 13:06:47 UTC] PHP Warning:  mysqli_real_connect(): (HY000/2002): Aucune connexion n’a pu être établie car l’ordinateur cible l’a expressément refusée in C:\Users\kevin\OneDrive\Images\formation\projet_6\app\public\wp-includes\class-wpdb.php on line 2035
[26-Sep-2023 13:56:25 UTC] PHP Deprecated:  Automatic conversion of false to array is deprecated in C:\Users\kevin\OneDrive\Images\formation\projet_6\app\public\wp-content\plugins\ninja-forms\includes\AJAX\Controllers\Preview.php on line 140
[27-Sep-2023 13:52:17 UTC] PHP Warning:  mysqli_real_connect(): (HY000/2002): Aucune connexion n’a pu être établie car l’ordinateur cible l’a expressément refusée in C:\Users\kevin\OneDrive\Images\formation\projet_6\app\public\wp-includes\class-wpdb.php on line 2035
[27-Sep-2023 13:52:46 UTC] PHP Deprecated:  Automatic conversion of false to array is deprecated in C:\Users\kevin\OneDrive\Images\formation\projet_6\app\public\wp-admin\includes\update.php on line 184
