********************************************************************************
DUPLICATOR-LITE PACKAGE-LOG: October 19, 2023 10:48 am
NOTICE: Do NOT post to public sites or forums 
********************************************************************************
VERSION:	1.5.6
WORDPRESS:	6.3.1
PHP INFO:	8.1.23 | SAPI: cgi-fcgi
SERVER:		nginx/1.16.0 
PHP TIME LIMIT: (0) no time limit imposed 
PHP MAX MEMORY: 4294967296 (256M default) 
MEMORY STACK: 14MB

********************************************************************************
DATABASE:
********************************************************************************
BUILD MODE:   PHP(query limit - 100)
MYSQLTIMEOUT: 5000
MYSQLDUMP:    Not Supported
TABLES: total:37 | filtered:0 | create:37
FILTERED: []
SQL CREATED: 20231019_planty_776e6827f46d6fad5673_20231019104749_database.sql
SQL FILE SIZE: 12.2MB (12788023)
SQL FILE TIME: 2023-10-19 10:48:08
SQL RUNTIME: 1.21 sec.

********************************************************************************
ARCHIVE (ZIP):
********************************************************************************
ARCHIVE DIR:  C:/Users/kevin/OneDrive/Images/formation/projet_6/app/public
ARCHIVE FILE: 20231019_planty_776e6827f46d6fad5673_20231019104749_archive.zip
FILTERS: *OFF*
DIRS:
	not set
FILES:
	not set
EXTS:  not set
----------------------------------------
COMPRESSING
SIZE:	131.78MB
STATS:	Dirs 881 | Files 5,405
SQL ADDED: 20231019_planty_776e6827f46d6fad5673_20231019104749_database.sql
ZipArchive Object
(
    [lastId] => 6285
    [status] => 0
    [statusSys] => 0
    [numFiles] => 6286
    [filename] => C:\Users\kevin\OneDrive\Images\formation\projet_6\app\public\wp-content\backups-dup-lite\tmp\20231019_planty_776e6827f46d6fad5673_20231019104749_archive.zip
    [comment] => 
)

FILE ADDED TO ZIP: 6285
COMPRESSION RESULT: '1'
COMPRESSED SIZE: 56.37MB
ARCHIVE RUNTIME: 13.41 sec.
MEMORY STACK: 16MB
building installer
ARCHIVE CONSISTENCY TEST: PASS

********************************************************************************
INTEGRITY CHECKS:
********************************************************************************
SQL FILE: 12.2MB
INSTALLER FILE: 73.47KB
ARCHIVE FILE: 58.24MB 
EXPECTED FILE/DIRECTORY COUNT: 6,286
ACTUAL FILE/DIRECTORY COUNT: 6,285
ARCHIVE CONSISTENCY TEST: Pass

********************************************************************************
RECORD ID:[1]
TOTAL PROCESS RUNTIME: 16.16 sec.
PEAK PHP MEMORY USED: 26MB
DONE PROCESSING => 20231019_planty October 19, 2023 10:48 am

